<?xml version="1.0" encoding="UTF-8"?>
<testsuite name="rspec" tests="9" skipped="0" failures="0" errors="0" time="0.149212" timestamp="2023-07-14T09:34:36+09:00" hostname="Tomo-MBP14.local">
<properties>
<property name="seed" value="11034"/>
</properties>
<testcase classname="spec.requests.static_pages_spec" name="StaticPages root 正常にレスポンスを返すこと" file="./spec/requests/static_pages_spec.rb" time="0.101184"></testcase>
<testcase classname="spec.requests.static_pages_spec" name="StaticPages #home 正常にレスポンスを返すこと" file="./spec/requests/static_pages_spec.rb" time="0.014032"></testcase>
<testcase classname="spec.requests.static_pages_spec" name="StaticPages #home Home | Ruby on Rails Tutorial Sample Appが含まれること" file="./spec/requests/static_pages_spec.rb" time="0.017556"></testcase>
<testcase classname="spec.requests.static_pages_spec" name="StaticPages #help 正常にレスポンスを返すこと" file="./spec/requests/static_pages_spec.rb" time="0.002362"></testcase>
<testcase classname="spec.requests.static_pages_spec" name="StaticPages #help Help | Ruby on Rails Tutorial Sample Appが含まれること" file="./spec/requests/static_pages_spec.rb" time="0.001743"></testcase>
<testcase classname="spec.requests.static_pages_spec" name="StaticPages #about 正常にレスポンスを返すこと" file="./spec/requests/static_pages_spec.rb" time="0.002393"></testcase>
<testcase classname="spec.requests.static_pages_spec" name="StaticPages #about About | Ruby on Rails Tutorila Sample Appが含まれること" file="./spec/requests/static_pages_spec.rb" time="0.001864"></testcase>
<testcase classname="spec.requests.static_pages_spec" name="StaticPages #contact 正常にレスポンスを返すこと" file="./spec/requests/static_pages_spec.rb" time="0.001616"></testcase>
<testcase classname="spec.requests.static_pages_spec" name="StaticPages #contact Contact | Ruby on Rails Tutorila Sample Appが含まれること" file="./spec/requests/static_pages_spec.rb" time="0.004404"></testcase>
</testsuite>
