<?xml version="1.0" encoding="UTF-8"?>
<testsuite name="rspec" tests="9" skipped="0" failures="0" errors="0" time="0.197873" timestamp="2023-07-23T09:58:42+09:00" hostname="Tomo-MBP14.local">
<properties>
<property name="seed" value="32226"/>
</properties>
<testcase classname="spec.requests.static_pages_spec" name="StaticPages root 正常にレスポンスを返すこと" file="./spec/requests/static_pages_spec.rb" time="0.145611"></testcase>
<testcase classname="spec.requests.static_pages_spec" name="StaticPages #home 正常にレスポンスを返すこと" file="./spec/requests/static_pages_spec.rb" time="0.021477"></testcase>
<testcase classname="spec.requests.static_pages_spec" name="StaticPages #home Home | Ruby on Rails Tutorial Sample Appが含まれること" file="./spec/requests/static_pages_spec.rb" time="0.012586"></testcase>
<testcase classname="spec.requests.static_pages_spec" name="StaticPages #help 正常にレスポンスを返すこと" file="./spec/requests/static_pages_spec.rb" time="0.004235"></testcase>
<testcase classname="spec.requests.static_pages_spec" name="StaticPages #help Help | Ruby on Rails Tutorial Sample Appが含まれること" file="./spec/requests/static_pages_spec.rb" time="0.001947"></testcase>
<testcase classname="spec.requests.static_pages_spec" name="StaticPages #about 正常にレスポンスを返すこと" file="./spec/requests/static_pages_spec.rb" time="0.002358"></testcase>
<testcase classname="spec.requests.static_pages_spec" name="StaticPages #about About | Ruby on Rails Tutorila Sample Appが含まれること" file="./spec/requests/static_pages_spec.rb" time="0.001748"></testcase>
<testcase classname="spec.requests.static_pages_spec" name="StaticPages #contact 正常にレスポンスを返すこと" file="./spec/requests/static_pages_spec.rb" time="0.001519"></testcase>
<testcase classname="spec.requests.static_pages_spec" name="StaticPages #contact Contact | Ruby on Rails Tutorila Sample Appが含まれること" file="./spec/requests/static_pages_spec.rb" time="0.002249"></testcase>
</testsuite>
